<?xml version="1.0" encoding="UTF-8"?>
<!-- Generated by org.testng.reporters.JUnitReportReporter -->
<testsuite hostname="mugil" name="com.apex.ecommerce.test.RegistrationPage" tests="16" failures="0" timestamp="26 May 2016 01:55:44 GMT" time="253.342" errors="0">
  <testcase name="registrationInvalidTest" time="15.675" classname="com.apex.ecommerce.test.RegistrationPage"/>
  <testcase name="registrationInvalidTest" time="16.058" classname="com.apex.ecommerce.test.RegistrationPage"/>
  <testcase name="registrationInvalidTest" time="15.938" classname="com.apex.ecommerce.test.RegistrationPage"/>
  <testcase name="registrationInvalidTest" time="15.401" classname="com.apex.ecommerce.test.RegistrationPage"/>
  <testcase name="registrationInvalidTest" time="15.653" classname="com.apex.ecommerce.test.RegistrationPage"/>
  <testcase name="registrationInvalidTest" time="15.884" classname="com.apex.ecommerce.test.RegistrationPage"/>
  <testcase name="registrationInvalidTest" time="15.736" classname="com.apex.ecommerce.test.RegistrationPage"/>
  <testcase name="registrationInvalidTest" time="16.544" classname="com.apex.ecommerce.test.RegistrationPage"/>
  <testcase name="registrationInvalidTest" time="16.020" classname="com.apex.ecommerce.test.RegistrationPage"/>
  <testcase name="registrationInvalidTest" time="15.581" classname="com.apex.ecommerce.test.RegistrationPage"/>
  <testcase name="registrationInvalidTest" time="15.404" classname="com.apex.ecommerce.test.RegistrationPage"/>
  <testcase name="registrationInvalidTest" time="15.954" classname="com.apex.ecommerce.test.RegistrationPage"/>
  <testcase name="registrationInvalidTest" time="15.740" classname="com.apex.ecommerce.test.RegistrationPage"/>
  <testcase name="registrationInvalidTest" time="16.274" classname="com.apex.ecommerce.test.RegistrationPage"/>
  <testcase name="registrationInvalidTest" time="15.759" classname="com.apex.ecommerce.test.RegistrationPage"/>
  <testcase name="registrationInvalidTest" time="15.721" classname="com.apex.ecommerce.test.RegistrationPage"/>
</testsuite> <!-- com.apex.ecommerce.test.RegistrationPage -->
