<?xml version="1.0" encoding="UTF-8"?>
<!-- Generated by org.testng.reporters.JUnitReportReporter -->
<testsuite hostname="mugil" name="com.apex.ecommerce.test.EcommerceLoginPage" tests="3" failures="0" timestamp="11 May 2016 18:00:37 GMT" time="24.038" errors="0">
  <testcase name="loginTestSuccess" time="10.188" classname="com.apex.ecommerce.test.EcommerceLoginPage"/>
  <testcase name="forgotPassword" time="3.129" classname="com.apex.ecommerce.test.EcommerceLoginPage"/>
  <testcase name="blankLogin" time="10.721" classname="com.apex.ecommerce.test.EcommerceLoginPage"/>
</testsuite> <!-- com.apex.ecommerce.test.EcommerceLoginPage -->
