<?xml version="1.0" encoding="UTF-8"?>
<!-- Generated by org.testng.reporters.JUnitReportReporter -->
<testsuite hostname="mugil" name="com.apex.nikon.tests.NikonHomePageTest" tests="1" failures="0" timestamp="24 May 2016 22:56:16 GMT" time="1.400" errors="0">
  <testcase name="NikonHomeNewsTabTest" time="1.400" classname="com.apex.nikon.tests.NikonHomePageTest"/>
</testsuite> <!-- com.apex.nikon.tests.NikonHomePageTest -->
