<?xml version="1.0" encoding="UTF-8"?>
<!-- Generated by org.testng.reporters.JUnitReportReporter -->
<testsuite hostname="mugil" name="com.apex.ecommerce.test.RegistrationPagePOM" tests="2" failures="0" timestamp="3 Jun 2016 01:03:25 GMT" time="7.582" errors="0">
  <testcase name="registrationNewValidEmail" time="4.672" classname="com.apex.ecommerce.test.RegistrationPagePOM"/>
  <testcase name="registrationAlreadyExistsTest" time="2.910" classname="com.apex.ecommerce.test.RegistrationPagePOM"/>
</testsuite> <!-- com.apex.ecommerce.test.RegistrationPagePOM -->
