<?xml version="1.0" encoding="UTF-8"?>
<!-- Generated by org.testng.reporters.JUnitReportReporter -->
<testsuite hostname="mugil" name="com.apex.ecommerce.test.GoogleLoginTestNG" tests="1" failures="0" timestamp="10 May 2016 04:29:37 GMT" time="27.079" errors="0">
  <testcase name="loginSuccess" time="27.079" classname="com.apex.ecommerce.test.GoogleLoginTestNG"/>
</testsuite> <!-- com.apex.ecommerce.test.GoogleLoginTestNG -->
