<?xml version="1.0" encoding="UTF-8"?>
<!-- Generated by org.testng.reporters.JUnitReportReporter -->
<testsuite hostname="mugil" name="com.apex.nikon.tests.WhiteBoardForMyTest" tests="1" failures="0" timestamp="24 Aug 2016 23:28:04 GMT" time="10.494" errors="0">
  <testcase name="simpleTests" time="10.494" classname="com.apex.nikon.tests.WhiteBoardForMyTest"/>
</testsuite> <!-- com.apex.nikon.tests.WhiteBoardForMyTest -->
