<?xml version="1.0" encoding="UTF-8"?>
<!-- Generated by org.testng.reporters.JUnitReportReporter -->
<testsuite hostname="mugil" name="com.apex.api.CountryTestJson" tests="2" failures="0" timestamp="23 Jun 2016 08:42:25 GMT" time="0.457" errors="0">
  <testcase name="convertJsonToJavaObject" time="0.418" classname="com.apex.api.CountryTestJson"/>
  <testcase name="convertJavaObjectToJson" time="0.039" classname="com.apex.api.CountryTestJson"/>
</testsuite> <!-- com.apex.api.CountryTestJson -->
