<?xml version="1.0" encoding="UTF-8"?>
<!-- Generated by org.testng.reporters.JUnitReportReporter -->
<testsuite hostname="mugil" name="com.apex.api.CustomerTest_TNG" tests="5" failures="0" timestamp="12 Sep 2016 15:36:04 GMT" time="3.435" errors="0">
  <testcase name="testMediaType" time="0.407" classname="com.apex.api.CustomerTest_TNG"/>
  <testcase name="testStatusCode" time="1.429" classname="com.apex.api.CustomerTest_TNG"/>
  <testcase name="testInvalidSpaceNumberScenario" time="0.024" classname="com.apex.api.CustomerTest_TNG"/>
  <testcase name="testInvalidSpecialCharScenario" time="0.402" classname="com.apex.api.CustomerTest_TNG"/>
  <testcase name="testSuccessScenario" time="1.173" classname="com.apex.api.CustomerTest_TNG"/>
</testsuite> <!-- com.apex.api.CustomerTest_TNG -->
